This is pdfTeX, Version 3.141592653-2.6-1.40.23 (MiKTeX 21.8) (preloaded format=pdflatex 2021.10.29)  3 DEC 2021 21:46
entering extended mode
**./MulticapaOpcional.tex
(MulticapaOpcional.tex
LaTeX2e <2021-06-01> patch level 1
L3 programming layer <2021-08-27>
(D:\Programs\MiKTeX\tex/latex/base\article.cls
Document Class: article 2021/02/12 v1.4n Standard LaTeX document class
(D:\Programs\MiKTeX\tex/latex/base\size12.clo
File: size12.clo 2021/02/12 v1.4n Standard LaTeX file (size option)
)
\c@part=\count182
\c@section=\count183
\c@subsection=\count184
\c@subsubsection=\count185
\c@paragraph=\count186
\c@subparagraph=\count187
\c@figure=\count188
\c@table=\count189
\abovecaptionskip=\skip47
\belowcaptionskip=\skip48
\bibindent=\dimen138
)
(D:\Programs\MiKTeX\tex/latex/graphics\graphicx.sty
Package: graphicx 2020/12/05 v1.2c Enhanced LaTeX Graphics (DPC,SPQR)

(D:\Programs\MiKTeX\tex/latex/graphics\keyval.sty
Package: keyval 2014/10/28 v1.15 key=value parser (DPC)
\KV@toks@=\toks16
)
(D:\Programs\MiKTeX\tex/latex/graphics\graphics.sty
Package: graphics 2021/03/04 v1.4d Standard LaTeX Graphics (DPC,SPQR)

(D:\Programs\MiKTeX\tex/latex/graphics\trig.sty
Package: trig 2016/01/03 v1.10 sin cos tan (DPC)
)
(D:\Programs\MiKTeX\tex/latex/graphics-cfg\graphics.cfg
File: graphics.cfg 2016/06/04 v1.11 sample graphics configuration
)
Package graphics Info: Driver file: pdftex.def on input line 107.

(D:\Programs\MiKTeX\tex/latex/graphics-def\pdftex.def
File: pdftex.def 2020/10/05 v1.2a Graphics/color driver for pdftex
))
\Gin@req@height=\dimen139
\Gin@req@width=\dimen140
)
(D:\Programs\MiKTeX\tex/latex/l3backend\l3backend-pdftex.def
File: l3backend-pdftex.def 2021-08-04 L3 backend support: PDF output (pdfTeX)
\l__color_backend_stack_int=\count190
\l__pdf_internal_box=\box50
)
(MulticapaOpcional.aux)
\openout1 = `MulticapaOpcional.aux'.

LaTeX Font Info:    Checking defaults for OML/cmm/m/it on input line 5.
LaTeX Font Info:    ... okay on input line 5.
LaTeX Font Info:    Checking defaults for OMS/cmsy/m/n on input line 5.
LaTeX Font Info:    ... okay on input line 5.
LaTeX Font Info:    Checking defaults for OT1/cmr/m/n on input line 5.
LaTeX Font Info:    ... okay on input line 5.
LaTeX Font Info:    Checking defaults for T1/cmr/m/n on input line 5.
LaTeX Font Info:    ... okay on input line 5.
LaTeX Font Info:    Checking defaults for TS1/cmr/m/n on input line 5.
LaTeX Font Info:    ... okay on input line 5.
LaTeX Font Info:    Checking defaults for OMX/cmex/m/n on input line 5.
LaTeX Font Info:    ... okay on input line 5.
LaTeX Font Info:    Checking defaults for U/cmr/m/n on input line 5.
LaTeX Font Info:    ... okay on input line 5.
 (D:\Programs\MiKTeX\tex/context/base/mkii\supp-pdf.mkii
[Loading MPS to PDF converter (version 2006.09.02).]
\scratchcounter=\count191
\scratchdimen=\dimen141
\scratchbox=\box51
\nofMPsegments=\count192
\nofMParguments=\count193
\everyMPshowfont=\toks17
\MPscratchCnt=\count194
\MPscratchDim=\dimen142
\MPnumerator=\count195
\makeMPintoPDFobject=\count196
\everyMPtoPDFconversion=\toks18
) (D:\Programs\MiKTeX\tex/latex/epstopdf-pkg\epstopdf-base.sty
Package: epstopdf-base 2020-01-24 v2.11 Base part for package epstopdf
Package epstopdf-base Info: Redefining graphics rule for `.eps' on input line 4
85.

(D:\Programs\MiKTeX\tex/latex/00miktex\epstopdf-sys.cfg
File: epstopdf-sys.cfg 2021/03/18 v2.0 Configuration of epstopdf for MiKTeX
))
LaTeX Font Info:    External font `cmex10' loaded for size
(Font)              <14.4> on input line 6.
LaTeX Font Info:    External font `cmex10' loaded for size
(Font)              <7> on input line 6.
<2g1_1.png, id=1, 410.0118pt x 318.4698pt>
File: 2g1_1.png Graphic file (type png)
<use 2g1_1.png>
Package pdftex.def Info: 2g1_1.png  used on input line 16.
(pdftex.def)             Requested size: 410.01079pt x 318.46901pt.

Overfull \hbox (20.01079pt too wide) in paragraph at lines 16--17
[][] 
 []

<2g2_1.png, id=2, 410.0118pt x 318.4698pt>
File: 2g2_1.png Graphic file (type png)
<use 2g2_1.png>
Package pdftex.def Info: 2g2_1.png  used on input line 20.
(pdftex.def)             Requested size: 410.01079pt x 318.46901pt.

Overfull \hbox (20.01079pt too wide) in paragraph at lines 20--21
[][] 
 []

<2g3_1.png, id=3, 410.0118pt x 318.4698pt>
File: 2g3_1.png Graphic file (type png)
<use 2g3_1.png>
Package pdftex.def Info: 2g3_1.png  used on input line 24.
(pdftex.def)             Requested size: 410.01079pt x 318.46901pt.

Overfull \hbox (20.01079pt too wide) in paragraph at lines 24--25
[][] 
 []

<2g1_01.png, id=4, 410.0118pt x 318.4698pt>
File: 2g1_01.png Graphic file (type png)
<use 2g1_01.png>
Package pdftex.def Info: 2g1_01.png  used on input line 28.
(pdftex.def)             Requested size: 410.01079pt x 318.46901pt.

Overfull \hbox (20.01079pt too wide) in paragraph at lines 28--29
[][] 
 []

<2g2_01.png, id=5, 410.0118pt x 318.4698pt>
File: 2g2_01.png Graphic file (type png)
<use 2g2_01.png>
Package pdftex.def Info: 2g2_01.png  used on input line 32.
(pdftex.def)             Requested size: 410.01079pt x 318.46901pt.

Overfull \hbox (20.01079pt too wide) in paragraph at lines 32--33
[][] 
 []

<2g3_01.png, id=6, 416.2752pt x 318.4698pt>
File: 2g3_01.png Graphic file (type png)
<use 2g3_01.png>
Package pdftex.def Info: 2g3_01.png  used on input line 36.
(pdftex.def)             Requested size: 416.27419pt x 318.46901pt.

Overfull \hbox (26.27419pt too wide) in paragraph at lines 36--37
[][] 
 []

[1

{C:/Users/mmanu/AppData/Local/MiKTeX/pdftex/config/pdftex.map}] [2 <./2g1_1.png
 (PNG copy)>] [3 <./2g2_1.png (PNG copy)>] [4 <./2g3_1.png (PNG copy)>]
[5 <./2g1_01.png (PNG copy)>] [6 <./2g2_01.png (PNG copy)>] [7 <./2g3_01.png (P
NG copy)>]
<3a.png, id=33, 390.258pt x 301.6068pt>
File: 3a.png Graphic file (type png)
<use 3a.png>
Package pdftex.def Info: 3a.png  used on input line 44.
(pdftex.def)             Requested size: 390.25703pt x 301.60605pt.

Overfull \hbox (17.88185pt too wide) in paragraph at lines 44--45
[][] 
 []

<3c_1.png, id=34, 366.168pt x 277.9986pt>
File: 3c_1.png Graphic file (type png)
<use 3c_1.png>
Package pdftex.def Info: 3c_1.png  used on input line 53.
(pdftex.def)             Requested size: 366.1671pt x 277.99791pt.
<3c_01.png, id=35, 366.168pt x 277.9986pt>
File: 3c_01.png Graphic file (type png)
<use 3c_01.png>
Package pdftex.def Info: 3c_01.png  used on input line 58.
(pdftex.def)             Requested size: 366.1671pt x 277.99791pt.
[8 <./3a.png (PNG copy)>] [9 <./3c_1.png (PNG copy)>] [10 <./3c_01.png (PNG cop
y)>] (MulticapaOpcional.aux) ) 
Here is how much of TeX's memory you used:
 1266 strings out of 478927
 19144 string characters out of 2864780
 313194 words of memory out of 3000000
 19159 multiletter control sequences out of 15000+600000
 405853 words of font info for 35 fonts, out of 8000000 for 9000
 1141 hyphenation exceptions out of 8191
 57i,7n,66p,331b,219s stack positions out of 5000i,500n,10000p,200000b,80000s
<D:/Programs/MiKTeX/fonts/type1/public/amsfonts/c
m/cmbx12.pfb><D:/Programs/MiKTeX/fonts/type1/public/amsfonts/cm/cmr12.pfb><D:/P
rograms/MiKTeX/fonts/type1/public/amsfonts/cm/cmr17.pfb>
Output written on MulticapaOpcional.pdf (10 pages, 223091 bytes).
PDF statistics:
 59 PDF objects out of 1000 (max. 8388607)
 0 named destinations out of 1000 (max. 500000)
 46 words of extra memory for PDF output out of 10000 (max. 10000000)

