This is pdfTeX, Version 3.141592653-2.6-1.40.23 (MiKTeX 21.8) (preloaded format=pdflatex 2021.10.29)  13 NOV 2021 22:06
entering extended mode
**./Torres.tex
(Torres.tex
LaTeX2e <2021-06-01> patch level 1
L3 programming layer <2021-08-27>
(D:\Programs\MiKTeX\tex/latex/base\article.cls
Document Class: article 2021/02/12 v1.4n Standard LaTeX document class
(D:\Programs\MiKTeX\tex/latex/base\size12.clo
File: size12.clo 2021/02/12 v1.4n Standard LaTeX file (size option)
)
\c@part=\count182
\c@section=\count183
\c@subsection=\count184
\c@subsubsection=\count185
\c@paragraph=\count186
\c@subparagraph=\count187
\c@figure=\count188
\c@table=\count189
\abovecaptionskip=\skip47
\belowcaptionskip=\skip48
\bibindent=\dimen138
)
(D:\Programs\MiKTeX\tex/latex/graphics\graphicx.sty
Package: graphicx 2020/12/05 v1.2c Enhanced LaTeX Graphics (DPC,SPQR)

(D:\Programs\MiKTeX\tex/latex/graphics\keyval.sty
Package: keyval 2014/10/28 v1.15 key=value parser (DPC)
\KV@toks@=\toks16
)
(D:\Programs\MiKTeX\tex/latex/graphics\graphics.sty
Package: graphics 2021/03/04 v1.4d Standard LaTeX Graphics (DPC,SPQR)

(D:\Programs\MiKTeX\tex/latex/graphics\trig.sty
Package: trig 2016/01/03 v1.10 sin cos tan (DPC)
)
(D:\Programs\MiKTeX\tex/latex/graphics-cfg\graphics.cfg
File: graphics.cfg 2016/06/04 v1.11 sample graphics configuration
)
Package graphics Info: Driver file: pdftex.def on input line 107.

(D:\Programs\MiKTeX\tex/latex/graphics-def\pdftex.def
File: pdftex.def 2020/10/05 v1.2a Graphics/color driver for pdftex
))
\Gin@req@height=\dimen139
\Gin@req@width=\dimen140
)
(D:\Programs\MiKTeX\tex/latex/l3backend\l3backend-pdftex.def
File: l3backend-pdftex.def 2021-08-04 L3 backend support: PDF output (pdfTeX)
\l__color_backend_stack_int=\count190
\l__pdf_internal_box=\box50
) (Torres.aux)
\openout1 = `Torres.aux'.

LaTeX Font Info:    Checking defaults for OML/cmm/m/it on input line 5.
LaTeX Font Info:    ... okay on input line 5.
LaTeX Font Info:    Checking defaults for OMS/cmsy/m/n on input line 5.
LaTeX Font Info:    ... okay on input line 5.
LaTeX Font Info:    Checking defaults for OT1/cmr/m/n on input line 5.
LaTeX Font Info:    ... okay on input line 5.
LaTeX Font Info:    Checking defaults for T1/cmr/m/n on input line 5.
LaTeX Font Info:    ... okay on input line 5.
LaTeX Font Info:    Checking defaults for TS1/cmr/m/n on input line 5.
LaTeX Font Info:    ... okay on input line 5.
LaTeX Font Info:    Checking defaults for OMX/cmex/m/n on input line 5.
LaTeX Font Info:    ... okay on input line 5.
LaTeX Font Info:    Checking defaults for U/cmr/m/n on input line 5.
LaTeX Font Info:    ... okay on input line 5.

(D:\Programs\MiKTeX\tex/context/base/mkii\supp-pdf.mkii
[Loading MPS to PDF converter (version 2006.09.02).]
\scratchcounter=\count191
\scratchdimen=\dimen141
\scratchbox=\box51
\nofMPsegments=\count192
\nofMParguments=\count193
\everyMPshowfont=\toks17
\MPscratchCnt=\count194
\MPscratchDim=\dimen142
\MPnumerator=\count195
\makeMPintoPDFobject=\count196
\everyMPtoPDFconversion=\toks18
) (D:\Programs\MiKTeX\tex/latex/epstopdf-pkg\epstopdf-base.sty
Package: epstopdf-base 2020-01-24 v2.11 Base part for package epstopdf
Package epstopdf-base Info: Redefining graphics rule for `.eps' on input line 4
85.

(D:\Programs\MiKTeX\tex/latex/00miktex\epstopdf-sys.cfg
File: epstopdf-sys.cfg 2021/03/18 v2.0 Configuration of epstopdf for MiKTeX
))
LaTeX Font Info:    External font `cmex10' loaded for size
(Font)              <14.4> on input line 6.
LaTeX Font Info:    External font `cmex10' loaded for size
(Font)              <7> on input line 6.
<primeraparalela.png, id=1, 97.5645pt x 68.05424pt>
File: primeraparalela.png Graphic file (type png)
<use primeraparalela.png>
Package pdftex.def Info: primeraparalela.png  used on input line 19.
(pdftex.def)             Requested size: 195.12848pt x 136.10812pt.
 [1

{C:/Users/mmanu/AppData/Local/MiKTeX/pdftex/config/pdftex.map}]
<paralelados.png, id=10, 357.13425pt x 253.54726pt>
File: paralelados.png Graphic file (type png)
<use paralelados.png>
Package pdftex.def Info: paralelados.png  used on input line 22.
(pdftex.def)             Requested size: 357.13338pt x 253.54662pt.
 [2 <./primeraparalela.png> <./paralelados.png>]
<cuatroejec.png, id=16, 98.16675pt x 67.452pt>
File: cuatroejec.png Graphic file (type png)
<use cuatroejec.png>
Package pdftex.def Info: cuatroejec.png  used on input line 30.
(pdftex.def)             Requested size: 196.33301pt x 134.90366pt.
LaTeX Font Info:    External font `cmex10' loaded for size
(Font)              <12> on input line 40.
LaTeX Font Info:    External font `cmex10' loaded for size
(Font)              <8> on input line 40.
LaTeX Font Info:    External font `cmex10' loaded for size
(Font)              <6> on input line 40.

Underfull \hbox (badness 10000) in paragraph at lines 44--45

 []

[3 <./cuatroejec.png>] [4] (Torres.aux) ) 
Here is how much of TeX's memory you used:
 1241 strings out of 478927
 18777 string characters out of 2864780
 312171 words of memory out of 3000000
 19134 multiletter control sequences out of 15000+600000
 408291 words of font info for 43 fonts, out of 8000000 for 9000
 1141 hyphenation exceptions out of 8191
 57i,7n,66p,237b,204s stack positions out of 5000i,500n,10000p,200000b,80000s
<D:/Programs/MiKTeX/fonts/type1/public
/amsfonts/cm/cmbx12.pfb><D:/Programs/MiKTeX/fonts/type1/public/amsfonts/cm/cmmi
12.pfb><D:/Programs/MiKTeX/fonts/type1/public/amsfonts/cm/cmr12.pfb><D:/Program
s/MiKTeX/fonts/type1/public/amsfonts/cm/cmr17.pfb><D:/Programs/MiKTeX/fonts/typ
e1/public/amsfonts/cm/cmr8.pfb><D:/Programs/MiKTeX/fonts/type1/public/amsfonts/
cm/cmsy8.pfb>
Output written on Torres.pdf (4 pages, 86357 bytes).
PDF statistics:
 52 PDF objects out of 1000 (max. 8388607)
 0 named destinations out of 1000 (max. 500000)
 16 words of extra memory for PDF output out of 10000 (max. 10000000)

